<?xml version="1.0" encoding="UTF-8"?>
<testsuite xmlns:xsi="http://www.w3.org/2001/XMLSchema-instance" xsi:noNamespaceSchemaLocation="https://maven.apache.org/surefire/maven-surefire-plugin/xsd/surefire-test-report.xsd" name="programmer.zaman.now.test.ConditionTest" time="0.001" tests="13" errors="0" skipped="6" failures="0">
  <properties>
    <property name="java.specification.version" value="17"/>
    <property name="sun.cpu.isalist" value="amd64"/>
    <property name="sun.jnu.encoding" value="Cp1252"/>
    <property name="java.class.path" value="C:\Users\GYBRAN\Documents\PRIBADI\Bahasa\Belajar Java\belajar-java-unit-test\target\test-classes;C:\Users\GYBRAN\Documents\PRIBADI\Bahasa\Belajar Java\belajar-java-unit-test\target\classes;C:\Users\GYBRAN\.m2\repository\org\junit\jupiter\junit-jupiter\5.11.3\junit-jupiter-5.11.3.jar;C:\Users\GYBRAN\.m2\repository\org\junit\jupiter\junit-jupiter-api\5.11.3\junit-jupiter-api-5.11.3.jar;C:\Users\GYBRAN\.m2\repository\org\opentest4j\opentest4j\1.3.0\opentest4j-1.3.0.jar;C:\Users\GYBRAN\.m2\repository\org\junit\platform\junit-platform-commons\1.11.3\junit-platform-commons-1.11.3.jar;C:\Users\GYBRAN\.m2\repository\org\apiguardian\apiguardian-api\1.1.2\apiguardian-api-1.1.2.jar;C:\Users\GYBRAN\.m2\repository\org\junit\jupiter\junit-jupiter-params\5.11.3\junit-jupiter-params-5.11.3.jar;C:\Users\GYBRAN\.m2\repository\org\junit\jupiter\junit-jupiter-engine\5.11.3\junit-jupiter-engine-5.11.3.jar;C:\Users\GYBRAN\.m2\repository\org\junit\platform\junit-platform-engine\1.11.3\junit-platform-engine-1.11.3.jar;"/>
    <property name="java.vm.vendor" value="Azul Systems, Inc."/>
    <property name="sun.arch.data.model" value="64"/>
    <property name="user.variant" value=""/>
    <property name="java.vendor.url" value="http://www.azul.com/"/>
    <property name="user.timezone" value="Asia/Jakarta"/>
    <property name="os.name" value="Windows 11"/>
    <property name="java.vm.specification.version" value="17"/>
    <property name="sun.java.launcher" value="SUN_STANDARD"/>
    <property name="user.country" value="ID"/>
    <property name="sun.boot.library.path" value="C:\Program Files\Zulu\zulu-17\bin"/>
    <property name="sun.java.command" value="C:\Users\GYBRAN\AppData\Local\Temp\surefire8487893644703972787\surefirebooter8702600194685391385.jar C:\Users\GYBRAN\AppData\Local\Temp\surefire8487893644703972787 2024-11-08T14-05-45_357-jvmRun1 surefire2302982762733984988tmp surefire_08542563404815235680tmp"/>
    <property name="jdk.debug" value="release"/>
    <property name="surefire.test.class.path" value="C:\Users\GYBRAN\Documents\PRIBADI\Bahasa\Belajar Java\belajar-java-unit-test\target\test-classes;C:\Users\GYBRAN\Documents\PRIBADI\Bahasa\Belajar Java\belajar-java-unit-test\target\classes;C:\Users\GYBRAN\.m2\repository\org\junit\jupiter\junit-jupiter\5.11.3\junit-jupiter-5.11.3.jar;C:\Users\GYBRAN\.m2\repository\org\junit\jupiter\junit-jupiter-api\5.11.3\junit-jupiter-api-5.11.3.jar;C:\Users\GYBRAN\.m2\repository\org\opentest4j\opentest4j\1.3.0\opentest4j-1.3.0.jar;C:\Users\GYBRAN\.m2\repository\org\junit\platform\junit-platform-commons\1.11.3\junit-platform-commons-1.11.3.jar;C:\Users\GYBRAN\.m2\repository\org\apiguardian\apiguardian-api\1.1.2\apiguardian-api-1.1.2.jar;C:\Users\GYBRAN\.m2\repository\org\junit\jupiter\junit-jupiter-params\5.11.3\junit-jupiter-params-5.11.3.jar;C:\Users\GYBRAN\.m2\repository\org\junit\jupiter\junit-jupiter-engine\5.11.3\junit-jupiter-engine-5.11.3.jar;C:\Users\GYBRAN\.m2\repository\org\junit\platform\junit-platform-engine\1.11.3\junit-platform-engine-1.11.3.jar;"/>
    <property name="sun.cpu.endian" value="little"/>
    <property name="user.home" value="C:\Users\GYBRAN"/>
    <property name="user.language" value="en"/>
    <property name="java.specification.vendor" value="Oracle Corporation"/>
    <property name="java.version.date" value="2023-01-17"/>
    <property name="java.home" value="C:\Program Files\Zulu\zulu-17"/>
    <property name="file.separator" value="\"/>
    <property name="basedir" value="C:\Users\GYBRAN\Documents\PRIBADI\Bahasa\Belajar Java\belajar-java-unit-test"/>
    <property name="java.vm.compressedOopsMode" value="Zero based"/>
    <property name="line.separator" value="&#10;"/>
    <property name="java.vm.specification.vendor" value="Oracle Corporation"/>
    <property name="java.specification.name" value="Java Platform API Specification"/>
    <property name="surefire.real.class.path" value="C:\Users\GYBRAN\AppData\Local\Temp\surefire8487893644703972787\surefirebooter8702600194685391385.jar"/>
    <property name="user.script" value=""/>
    <property name="sun.management.compiler" value="HotSpot 64-Bit Tiered Compilers"/>
    <property name="java.runtime.version" value="17.0.6+10-LTS"/>
    <property name="user.name" value="GYBRAN"/>
    <property name="path.separator" value=";"/>
    <property name="os.version" value="10.0"/>
    <property name="java.runtime.name" value="OpenJDK Runtime Environment"/>
    <property name="file.encoding" value="Cp1252"/>
    <property name="java.vm.name" value="OpenJDK 64-Bit Server VM"/>
    <property name="java.vendor.version" value="Zulu17.40+19-CA"/>
    <property name="localRepository" value="C:\Users\GYBRAN\.m2\repository"/>
    <property name="java.vendor.url.bug" value="http://www.azul.com/support/"/>
    <property name="java.io.tmpdir" value="C:\Users\GYBRAN\AppData\Local\Temp\"/>
    <property name="java.version" value="17.0.6"/>
    <property name="user.dir" value="C:\Users\GYBRAN\Documents\PRIBADI\Bahasa\Belajar Java\belajar-java-unit-test"/>
    <property name="os.arch" value="amd64"/>
    <property name="java.vm.specification.name" value="Java Virtual Machine Specification"/>
    <property name="sun.os.patch.level" value=""/>
    <property name="native.encoding" value="Cp1252"/>
    <property name="java.library.path" value="C:\Program Files\Zulu\zulu-17\bin;C:\WINDOWS\Sun\Java\bin;C:\WINDOWS\system32;C:\WINDOWS;C:\Program Files\Git\mingw64\bin;C:\Program Files\Git\usr\bin;C:\Users\GYBRAN\bin;C:\Program Files\Zulu\zulu-17\bin;C:\Program Files\NVIDIA GPU Computing Toolkit\CUDA\v11.8\bin;C:\Program Files\NVIDIA GPU Computing Toolkit\CUDA\v11.8\libnvvp;C:\Program Files\Common Files\Oracle\Java\javapath;C:\Windows\system32;C:\Windows;C:\Windows\System32\Wbem;C:\Windows\System32\WindowsPowerShell\v1.0;C:\Windows\System32\OpenSSH;C:\Program Files (x86)\NVIDIA Corporation\PhysX\Common;C:\Program Files\NVIDIA Corporation\NVIDIA NvDLISR;C:\Program Files\mingw-w64\x86_64-8.1.0-posix-seh-rt_v6-rev0\mingw64\bin;C:\WINDOWS\system32;C:\WINDOWS;C:\WINDOWS\System32\Wbem;C:\WINDOWS\System32\WindowsPowerShell\v1.0;C:\WINDOWS\System32\OpenSSH;C:\Program Files\Gradle\gradle-8.0\bin;C:\Program Files\Microsoft SQL Server\Client SDK\ODBC\170\Tools\Binn;C:\Program Files (x86)\Microsoft SQL Server\150\Tools\Binn;C:\Program Files\Microsoft SQL Server\150\Tools\Binn;C:\Program Files\Microsoft SQL Server\150\DTS\Binn;C:\Program Files (x86)\Microsoft SQL Server\150\DTS\Binn;C:\Program Files\Azure Data Studio\bin;C:\ProgramData\chocolatey\bin;C:\Program Files\NVIDIA Corporation\Nsight Compute 2022.3.0;C:\opencv\opencv\build\x64\vc15\bin;C:\ProgramData\ComposerSetup\bin;C:\Program Files\MongoDB\Server\6.0\bin;C:\Program Files\Amazon\AWSCLIV2;C:\Users\GYBRAN\kubectl.exe;C:\ProgramData\nvm;C:\Program Files\nodejs;C:\Program Files\nodejs;C:\Program Files\Go\bin;C:\Program Files\Docker\Docker\resources\bin;C:\Program Files\MySQL\MySQL Server 8.0\bin;C:\Program Files\Git\cmd;C:\Program Files\PowerShell\7-preview\preview;C:\Program Files\dotnet;C:\Program Files\Cloudflare\Cloudflare WARP;C:\Program Files\PowerShell\7;C:\Program Files\Apache Maven\apache-maven-3.9.9\bin;C:\Users\GYBRAN\AppData\Local\Programs\Python\Python312\Scripts;C:\Users\GYBRAN\AppData\Local\Programs\Python\Python312;C:\Users\GYBRAN\.console-ninja\.bin;C:\Program Files\MySQL\MySQL Shell 8.0\bin;C:\Program Files\MySQL\MySQL Server 5.7\bin;C:\Users\GYBRAN\AppData\Local\Microsoft\WindowsApps;C:\Program Files\JetBrains\PyCharm Community Edition 2021.2.2\bin;C:\Users\GYBRAN\AppData\Local\Programs\Microsoft VS Code\bin;C:\Users\GYBRAN\Documents\PRIBADI\Bahasa\xampp\php;C:\Program Files (x86)\Microsoft Visual Studio\2019\BuildTools\VC\Tools\MSVC\14.29.30133\bin;C:\Program Files (x86)\Microsoft Visual Studio\2019\BuildTools\VC\Tools\MSVC\14.29.30133\bin\Hostx64\x64;C:\Program Files\heroku\bin;C:\Users\GYBRAN\AppData\Roaming\Composer\vendor\bin;C:\Users\GYBRAN\AppData\Local\JetBrains\Toolbox\scripts;C:\Users\GYBRAN\AppData\Local\Programs\mongosh;C:\Users\GYBRAN\AppData\Local\Programs\oh-my-posh\bin;C:\Program Files\mongosh;C:\Kubernetes;C:\tools\mysql\current\bin;C:\Users\GYBRAN\AppData\Roaming\npm;C:\Program Files\terraform_1.6.4_windows_amd64\terraform.exe;C:\Users\GYBRAN\go\bin;C:\Users\GYBRAN\.dotnet\tools;."/>
    <property name="java.vm.info" value="mixed mode, sharing"/>
    <property name="java.vendor" value="Azul Systems, Inc."/>
    <property name="java.vm.version" value="17.0.6+10-LTS"/>
    <property name="sun.io.unicode.encoding" value="UnicodeLittle"/>
    <property name="java.class.version" value="61.0"/>
  </properties>
  <testcase name="testRunWindows" classname="programmer.zaman.now.test.ConditionTest" time="0"/>
  <testcase name="testSystemProperties" classname="programmer.zaman.now.test.ConditionTest" time="0">
    <skipped message="void programmer.zaman.now.test.ConditionTest.testSystemProperties() is @Disabled"/>
  </testcase>
  <testcase name="testDisabledOnAzulInc" classname="programmer.zaman.now.test.ConditionTest" time="0">
    <skipped message="System property [java.vendor] with value [Azul Systems, Inc.] matches regular expression [Azul Systems, Inc.]"/>
  </testcase>
  <testcase name="testEnabledOnProfileDev" classname="programmer.zaman.now.test.ConditionTest" time="0">
    <skipped message="System property [PROFILE] does not exist"/>
  </testcase>
  <testcase name="testEnabledOnjre" classname="programmer.zaman.now.test.ConditionTest" time="0"/>
  <testcase name="testDisabledForJreRange" classname="programmer.zaman.now.test.ConditionTest" time="0">
    <skipped message="Disabled on JRE version: 17.0.6"/>
  </testcase>
  <testcase name="testEnabledForJreRange" classname="programmer.zaman.now.test.ConditionTest" time="0"/>
  <testcase name="disabledOnOracle" classname="programmer.zaman.now.test.ConditionTest" time="0"/>
  <testcase name="enabledOnOracle" classname="programmer.zaman.now.test.ConditionTest" time="0">
    <skipped message="System property [java.vendor] with value [Azul Systems, Inc.] does not match regular expression [Oracle Corporation]"/>
  </testcase>
  <testcase name="testEnabledOnAzulInc" classname="programmer.zaman.now.test.ConditionTest" time="0"/>
  <testcase name="testDisabledOnJre" classname="programmer.zaman.now.test.ConditionTest" time="0"/>
  <testcase name="testDisableWindows" classname="programmer.zaman.now.test.ConditionTest" time="0">
    <skipped message="Disabled on operating system: Windows 11"/>
  </testcase>
  <testcase name="testDisabledOnProfileDev" classname="programmer.zaman.now.test.ConditionTest" time="0"/>
</testsuite>